<?xml version="1.0" encoding="utf-8"?><testsuites><testsuite name="pytest" errors="0" failures="0" skipped="0" tests="4" time="51.468" timestamp="2022-05-21T00:28:29.648830" hostname="MSI"><testcase classname="test_tes" name="test_loginzen" time="13.859" /><testcase classname="test_tes" name="test_fetch_details" time="0.396" /><testcase classname="test_tes" name="test_cancel_instancesolution" time="0.829" /><testcase classname="test_tes" name="test_createquery" time="30.901" /></testsuite></testsuites>